{"name": "test_order_input", "status": "failed", "statusDetails": {"message": "AssertionError: assert 'Заказ оформлен' in 'Хотите оформить заказ?\\n '\n +  where 'Хотите оформить заказ?\\n ' = <selenium.webdriver.remote.webelement.WebElement (session=\"f03c2cf5e387490b68c6d846da9c0435\", element=\"372e697c-0fe7-4b50-9310-977eee31c88f\")>.text", "trace": "@allure.description('Тест для браузера хром ')\n    def test_order_input():\n        driver = webdriver.Chrome()\n        driver.maximize_window()  # для отображения всех позиций\n        driver.get(\"https://qa-scooter.praktikum-services.ru/order\")\n        order_page = OrderPage(driver)\n    \n        order_page.remove_cookies()\n        order_page.enter_name()\n        order_page.enter_surname()\n        order_page.enter_address()\n        order_page.select_random_station()\n        order_page.enter_phone_number()\n        order_page.click_next_page_button()\n        order_page.select_date()\n        order_page.select_rental_period()\n        order_page.select_colour_black()\n        order_page.enter_comment()\n        order_page.click_order_button()\n        order_page.click_confirm_order_button()\n        time.sleep(2)\n        element = WebDriverWait(driver, 10).until(\n            EC.presence_of_element_located((By.CSS_SELECTOR, \"div.Order_ModalHeader__3FDaJ\"))\n        )\n>       assert \"Заказ оформлен\" in element.text\nE       assert 'Заказ оформлен' in 'Хотите оформить заказ?\\n '\nE        +  where 'Хотите оформить заказ?\\n ' = <selenium.webdriver.remote.webelement.WebElement (session=\"f03c2cf5e387490b68c6d846da9c0435\", element=\"372e697c-0fe7-4b50-9310-977eee31c88f\")>.text\n\ntests\\test_workflow_order_success.py:36: AssertionError"}, "description": "Тест для браузера хром ", "start": 1678098628910, "stop": 1678098637833, "uuid": "1fe02f4c-058e-4655-9747-95bd206c836e", "historyId": "75f7c70040ee5cac524f9db9db30b8e7", "testCaseId": "b67e02158cc4aca5e3c362aef114cf5a", "fullName": "tests.test_workflow_order_success#test_order_input", "labels": [{"name": "parentSuite", "value": "tests"}, {"name": "suite", "value": "test_workflow_order_success"}, {"name": "host", "value": "LAPTOP-EQOQ3AM5"}, {"name": "thread", "value": "13292-MainThread"}, {"name": "framework", "value": "pytest"}, {"name": "language", "value": "cpython3"}, {"name": "package", "value": "tests.test_workflow_order_success"}]}